[INFO ] 2019-09-20 14:54:26.701 [main] TestBase - Browser is initialized in landing page.
[INFO ] 2019-09-20 14:54:26.779 [main] TestBase - Features link is available in header.
[INFO ] 2019-09-20 14:54:26.787 [main] TestBase - Pricing link is available in header.
[INFO ] 2019-09-20 14:54:26.843 [main] TestBase - Sign In link is available in header.
[INFO ] 2019-09-20 14:54:26.851 [main] TestBase - Try it for free link is available in header.
[INFO ] 2019-09-20 14:54:27.901 [main] TestBase - Try for free button is displayed.
[INFO ] 2019-09-20 14:54:27.931 [main] TestBase - Try Learn More button is displayed.
[INFO ] 2019-09-20 14:54:27.985 [main] TestBase - Plan text is displayed.
[INFO ] 2019-09-20 14:54:33.017 [main] TestBase - Write text is displayed.
[INFO ] 2019-09-20 14:54:33.042 [main] TestBase - Publish text is displayed.
[INFO ] 2019-09-20 14:54:33.067 [main] TestBase - No Limitions image is displayed in Landing Page.
[INFO ] 2019-09-20 14:54:33.089 [main] TestBase - Cloud based image is displayed in Landing Page..
[INFO ] 2019-09-20 14:54:33.113 [main] TestBase - Mind maps image is displayed in Landing Page..
[INFO ] 2019-09-20 14:54:33.136 [main] TestBase - Ref Manager image is displayed in Landing Page..
[INFO ] 2019-09-20 14:54:33.159 [main] TestBase - Auto Format image is displayed in Landing Page..
[INFO ] 2019-09-20 14:54:33.183 [main] TestBase - Theme Designer image is displayed in Landing Page..
[INFO ] 2019-09-20 14:54:33.206 [main] TestBase - Art Intelligence image is displayed in Landing Page..
[INFO ] 2019-09-20 14:54:33.230 [main] TestBase - Multiple Devices image is displayed in Landing Page..
[INFO ] 2019-09-20 14:54:33.253 [main] TestBase - No Limitions label is displayed in Landing Page..
[INFO ] 2019-09-20 14:54:33.276 [main] TestBase - Cloud based label is displayed in Landing Page..
[INFO ] 2019-09-20 14:54:33.300 [main] TestBase - Mind maps label is displayed in Landing Page..
[INFO ] 2019-09-20 14:54:33.323 [main] TestBase - Ref Manager label is displayed in Landing Page..
[INFO ] 2019-09-20 14:54:33.346 [main] TestBase - Auto Format label is displayed in Landing Page..
[INFO ] 2019-09-20 14:54:33.370 [main] TestBase - Theme Designer label is displayed in Landing Page..
[INFO ] 2019-09-20 14:54:33.393 [main] TestBase - Art Intelligence label is displayed in Landing Page..
[INFO ] 2019-09-20 14:54:33.416 [main] TestBase - Multiple Devices label is displayed in Landing Page..
[INFO ] 2019-09-20 14:54:33.447 [main] TestBase - No Limitions text is displayed in Landing Page..
[INFO ] 2019-09-20 14:54:33.471 [main] TestBase - Cloud based text is displayed in Landing Page..
[INFO ] 2019-09-20 14:54:33.494 [main] TestBase - Mind maps text is displayed in Landing Page..
[INFO ] 2019-09-20 14:54:33.518 [main] TestBase - Ref Manager text is displayed in Landing Page..
[INFO ] 2019-09-20 14:54:33.540 [main] TestBase - Auto Format text is displayed in Landing Page..
[INFO ] 2019-09-20 14:54:33.563 [main] TestBase - Theme Designer text is displayed in Landing Page..
[INFO ] 2019-09-20 14:54:33.587 [main] TestBase - Art ntelligence text is displayed in Landing Page..
[INFO ] 2019-09-20 14:54:33.611 [main] TestBase - Multiple Devices text is displayed in Landing Page..
[INFO ] 2019-09-20 14:54:33.633 [main] TestBase - Writing - the way it should be text is displayed in Landing Page..
[INFO ] 2019-09-20 14:54:33.656 [main] TestBase - Try Live Demo button is displayed in Landing Page..
[INFO ] 2019-09-20 14:54:33.728 [main] TestBase - Click on Login page.
[INFO ] 2019-09-20 14:54:38.483 [main] TestBase - Email text box is displayed in Signup Page.
[INFO ] 2019-09-20 14:54:38.512 [main] TestBase - Password text box is displayed in Signup Page.
[INFO ] 2019-09-20 14:54:38.538 [main] TestBase - Confirm Password text box is displayed in Signup Page.
[INFO ] 2019-09-20 14:54:38.563 [main] TestBase - Sign up with Facebook button is displayed in Signup Page.
[INFO ] 2019-09-20 14:54:38.586 [main] TestBase - Sign up with Google button is displayed in Signup Page.
[INFO ] 2019-09-20 14:54:38.611 [main] TestBase - Terms and Policy button is displayed in Signup Page.
[INFO ] 2019-09-20 14:54:38.635 [main] TestBase - I want to receive updates about WriteWay button is displayed in Signup Page.
[INFO ] 2019-09-20 14:55:06.093 [main] TestBase - Email textbox is displayed.
[INFO ] 2019-09-20 14:55:06.121 [main] TestBase - Password textbox is displayed.
[INFO ] 2019-09-20 14:55:06.144 [main] TestBase - Login Button is displayed.
[INFO ] 2019-09-20 14:55:06.168 [main] TestBase - Remember Me radio is displayed.
[INFO ] 2019-09-20 14:55:06.190 [main] TestBase - SigninFB button is displayed.
[INFO ] 2019-09-20 14:55:06.212 [main] TestBase - SigninGoogle button is displayed.
[INFO ] 2019-09-20 14:55:14.311 [main] TestBase - Projects is displayed in Dashboard.
[INFO ] 2019-09-20 14:55:14.469 [main] TestBase - Collection is displayed in Dashboard.
[INFO ] 2019-09-20 14:55:20.058 [main] TestBase - Writeway title is displayed successfully.
